c:\users\wnn8558\desktop\gold - 14883251\build files\framework\debug\vc141.pdb
c:\users\wnn8558\desktop\gold - 14883251\build files\framework\debug\vc141.idb
c:\users\wnn8558\desktop\gold - 14883251\build files\framework\debug\logmanager.obj
c:\users\wnn8558\desktop\gold - 14883251\build files\framework\debug\losepanel.obj
c:\users\wnn8558\desktop\gold - 14883251\build files\framework\debug\main.obj
c:\users\wnn8558\desktop\gold - 14883251\build files\framework\debug\mainmenupanel.obj
c:\users\wnn8558\desktop\gold - 14883251\build files\framework\debug\paddle.obj
c:\users\wnn8558\desktop\gold - 14883251\build files\framework\debug\panel.obj
c:\users\wnn8558\desktop\gold - 14883251\build files\framework\debug\particle.obj
c:\users\wnn8558\desktop\gold - 14883251\build files\framework\debug\particleemitter.obj
c:\users\wnn8558\desktop\gold - 14883251\build files\framework\debug\pausepanel.obj
c:\users\wnn8558\desktop\gold - 14883251\build files\framework\debug\pinkboss.obj
c:\users\wnn8558\desktop\gold - 14883251\build files\framework\debug\powerup.obj
c:\users\wnn8558\desktop\gold - 14883251\build files\framework\debug\laser.obj
c:\users\wnn8558\desktop\gold - 14883251\build files\framework\debug\soundmanager.obj
c:\users\wnn8558\desktop\gold - 14883251\build files\framework\debug\splashscreenpanel.obj
c:\users\wnn8558\desktop\gold - 14883251\build files\framework\debug\sprite.obj
c:\users\wnn8558\desktop\gold - 14883251\build files\framework\debug\spritesheet.obj
c:\users\wnn8558\desktop\gold - 14883251\build files\framework\debug\starparticle.obj
c:\users\wnn8558\desktop\gold - 14883251\build files\framework\debug\texture.obj
c:\users\wnn8558\desktop\gold - 14883251\build files\framework\debug\texturemanager.obj
c:\users\wnn8558\desktop\gold - 14883251\build files\framework\debug\winpanel.obj
c:\users\wnn8558\desktop\gold - 14883251\build files\framework\debug\dizzy.obj
c:\users\wnn8558\desktop\gold - 14883251\build files\framework\debug\effect.obj
c:\users\wnn8558\desktop\gold - 14883251\build files\framework\debug\enemy.obj
c:\users\wnn8558\desktop\gold - 14883251\build files\framework\debug\entity.obj
c:\users\wnn8558\desktop\gold - 14883251\build files\framework\debug\explosion.obj
c:\users\wnn8558\desktop\gold - 14883251\build files\framework\debug\explosionparticle.obj
c:\users\wnn8558\desktop\gold - 14883251\build files\framework\debug\game.obj
c:\users\wnn8558\desktop\gold - 14883251\build files\framework\debug\greenboss.obj
c:\users\wnn8558\desktop\gold - 14883251\build files\framework\debug\guicomponent.obj
c:\users\wnn8558\desktop\gold - 14883251\build files\framework\debug\guimanager.obj
c:\users\wnn8558\desktop\gold - 14883251\build files\framework\debug\hud.obj
c:\users\wnn8558\desktop\gold - 14883251\build files\framework\debug\icefield.obj
c:\users\wnn8558\desktop\gold - 14883251\build files\framework\debug\icepowerup.obj
c:\users\wnn8558\desktop\gold - 14883251\build files\framework\debug\iniparser.obj
c:\users\wnn8558\desktop\gold - 14883251\build files\framework\debug\inputhandler.obj
c:\users\wnn8558\desktop\gold - 14883251\build files\framework\debug\instructionpanel.obj
c:\users\wnn8558\desktop\gold - 14883251\build files\framework\debug\label.obj
c:\users\wnn8558\desktop\gold - 14883251\build files\framework\debug\level.obj
c:\users\wnn8558\desktop\gold - 14883251\build files\framework\debug\levelchooserpanel.obj
c:\users\wnn8558\desktop\gold - 14883251\build files\framework\debug\levelmanager.obj
c:\users\wnn8558\desktop\gold - 14883251\build files\framework\debug\animatedsprite.obj
c:\users\wnn8558\desktop\gold - 14883251\build files\framework\debug\backbuffer.obj
c:\users\wnn8558\desktop\gold - 14883251\build files\framework\debug\ball.obj
c:\users\wnn8558\desktop\gold - 14883251\build files\framework\debug\balltrail.obj
c:\users\wnn8558\desktop\gold - 14883251\build files\framework\debug\block.obj
c:\users\wnn8558\desktop\gold - 14883251\build files\framework\debug\boss.obj
c:\users\wnn8558\desktop\gold - 14883251\build files\framework\debug\button.obj
c:\users\wnn8558\desktop\gold - 14883251\build files\framework\debug\debuggingpanel.obj
c:\users\wnn8558\desktop\gold - 14883251\gold build - 14883251\alieninvasion_debug.ilk
c:\users\wnn8558\desktop\gold - 14883251\gold build - 14883251\alieninvasion_debug.exe
c:\users\wnn8558\desktop\gold - 14883251\gold build - 14883251\alieninvasion_debug.pdb
c:\users\wnn8558\desktop\gold - 14883251\build files\..\gold build - 14883251\alieninvasion_debug.pdb
c:\users\wnn8558\desktop\gold - 14883251\build files\..\gold build - 14883251\alieninvasion_debug.exe
c:\users\wnn8558\desktop\gold - 14883251\build files\..\gold build - 14883251\alieninvasion_debug.ilk
c:\users\wnn8558\desktop\gold - 14883251\build files\framework\debug\alieninvasion.tlog\cl.command.1.tlog
c:\users\wnn8558\desktop\gold - 14883251\build files\framework\debug\alieninvasion.tlog\cl.read.1.tlog
c:\users\wnn8558\desktop\gold - 14883251\build files\framework\debug\alieninvasion.tlog\cl.write.1.tlog
c:\users\wnn8558\desktop\gold - 14883251\build files\framework\debug\alieninvasion.tlog\link.command.1.tlog
c:\users\wnn8558\desktop\gold - 14883251\build files\framework\debug\alieninvasion.tlog\link.read.1.tlog
c:\users\wnn8558\desktop\gold - 14883251\build files\framework\debug\alieninvasion.tlog\link.write.1.tlog
