c:\users\wnn8558\desktop\gold - 14883251\gold build - 14883251\alieninvasion.ipdb
c:\users\wnn8558\desktop\gold - 14883251\gold build - 14883251\alieninvasion.iobj
c:\users\wnn8558\desktop\gold - 14883251\build files\framework\release\vc141.pdb
c:\users\wnn8558\desktop\gold - 14883251\build files\framework\release\icefield.obj
c:\users\wnn8558\desktop\gold - 14883251\build files\framework\release\hud.obj
c:\users\wnn8558\desktop\gold - 14883251\build files\framework\release\guimanager.obj
c:\users\wnn8558\desktop\gold - 14883251\build files\framework\release\guicomponent.obj
c:\users\wnn8558\desktop\gold - 14883251\build files\framework\release\greenboss.obj
c:\users\wnn8558\desktop\gold - 14883251\build files\framework\release\game.obj
c:\users\wnn8558\desktop\gold - 14883251\build files\framework\release\explosionparticle.obj
c:\users\wnn8558\desktop\gold - 14883251\build files\framework\release\explosion.obj
c:\users\wnn8558\desktop\gold - 14883251\build files\framework\release\entity.obj
c:\users\wnn8558\desktop\gold - 14883251\build files\framework\release\enemy.obj
c:\users\wnn8558\desktop\gold - 14883251\build files\framework\release\effect.obj
c:\users\wnn8558\desktop\gold - 14883251\build files\framework\release\dizzy.obj
c:\users\wnn8558\desktop\gold - 14883251\build files\framework\release\debuggingpanel.obj
c:\users\wnn8558\desktop\gold - 14883251\build files\framework\release\button.obj
c:\users\wnn8558\desktop\gold - 14883251\build files\framework\release\boss.obj
c:\users\wnn8558\desktop\gold - 14883251\build files\framework\release\block.obj
c:\users\wnn8558\desktop\gold - 14883251\build files\framework\release\balltrail.obj
c:\users\wnn8558\desktop\gold - 14883251\build files\framework\release\ball.obj
c:\users\wnn8558\desktop\gold - 14883251\build files\framework\release\backbuffer.obj
c:\users\wnn8558\desktop\gold - 14883251\build files\framework\release\animatedsprite.obj
c:\users\wnn8558\desktop\gold - 14883251\build files\framework\release\laser.obj
c:\users\wnn8558\desktop\gold - 14883251\build files\framework\release\powerup.obj
c:\users\wnn8558\desktop\gold - 14883251\build files\framework\release\pinkboss.obj
c:\users\wnn8558\desktop\gold - 14883251\build files\framework\release\pausepanel.obj
c:\users\wnn8558\desktop\gold - 14883251\build files\framework\release\particleemitter.obj
c:\users\wnn8558\desktop\gold - 14883251\build files\framework\release\particle.obj
c:\users\wnn8558\desktop\gold - 14883251\build files\framework\release\panel.obj
c:\users\wnn8558\desktop\gold - 14883251\build files\framework\release\paddle.obj
c:\users\wnn8558\desktop\gold - 14883251\build files\framework\release\mainmenupanel.obj
c:\users\wnn8558\desktop\gold - 14883251\build files\framework\release\main.obj
c:\users\wnn8558\desktop\gold - 14883251\build files\framework\release\losepanel.obj
c:\users\wnn8558\desktop\gold - 14883251\build files\framework\release\logmanager.obj
c:\users\wnn8558\desktop\gold - 14883251\build files\framework\release\levelmanager.obj
c:\users\wnn8558\desktop\gold - 14883251\build files\framework\release\levelchooserpanel.obj
c:\users\wnn8558\desktop\gold - 14883251\build files\framework\release\level.obj
c:\users\wnn8558\desktop\gold - 14883251\build files\framework\release\label.obj
c:\users\wnn8558\desktop\gold - 14883251\build files\framework\release\instructionpanel.obj
c:\users\wnn8558\desktop\gold - 14883251\build files\framework\release\inputhandler.obj
c:\users\wnn8558\desktop\gold - 14883251\build files\framework\release\iniparser.obj
c:\users\wnn8558\desktop\gold - 14883251\build files\framework\release\icepowerup.obj
c:\users\wnn8558\desktop\gold - 14883251\build files\framework\release\winpanel.obj
c:\users\wnn8558\desktop\gold - 14883251\build files\framework\release\texturemanager.obj
c:\users\wnn8558\desktop\gold - 14883251\build files\framework\release\texture.obj
c:\users\wnn8558\desktop\gold - 14883251\build files\framework\release\starparticle.obj
c:\users\wnn8558\desktop\gold - 14883251\build files\framework\release\spritesheet.obj
c:\users\wnn8558\desktop\gold - 14883251\build files\framework\release\sprite.obj
c:\users\wnn8558\desktop\gold - 14883251\build files\framework\release\splashscreenpanel.obj
c:\users\wnn8558\desktop\gold - 14883251\build files\framework\release\soundmanager.obj
c:\users\wnn8558\desktop\gold - 14883251\gold build - 14883251\alieninvasion.exe
c:\users\wnn8558\desktop\gold - 14883251\gold build - 14883251\alieninvasion.pdb
c:\users\wnn8558\desktop\gold - 14883251\build files\\..\gold build - 14883251\alieninvasion.pdb
c:\users\wnn8558\desktop\gold - 14883251\build files\\..\gold build - 14883251\alieninvasion.exe
c:\users\wnn8558\desktop\gold - 14883251\build files\framework\release\alieninvasion.tlog\alieninvasion.write.1u.tlog
c:\users\wnn8558\desktop\gold - 14883251\build files\framework\release\alieninvasion.tlog\cl.command.1.tlog
c:\users\wnn8558\desktop\gold - 14883251\build files\framework\release\alieninvasion.tlog\cl.read.1.tlog
c:\users\wnn8558\desktop\gold - 14883251\build files\framework\release\alieninvasion.tlog\cl.write.1.tlog
c:\users\wnn8558\desktop\gold - 14883251\build files\framework\release\alieninvasion.tlog\link.command.1.tlog
c:\users\wnn8558\desktop\gold - 14883251\build files\framework\release\alieninvasion.tlog\link.read.1.tlog
c:\users\wnn8558\desktop\gold - 14883251\build files\framework\release\alieninvasion.tlog\link.write.1.tlog
